[2016-06-02 01:22:33] local.ERROR: PDOException: SQLSTATE[HY000] [2002] Connection refused in /Users/lslucas/Sites/melhorbocado/vendor/laravel/framework/src/Illuminate/Database/Connectors/Connector.php:55
Stack trace:
#0 /Users/lslucas/Sites/melhorbocado/vendor/laravel/framework/src/Illuminate/Database/Connectors/Connector.php(55): PDO->__construct('mysql:host=127....', 'root', '', Array)
#1 /Users/lslucas/Sites/melhorbocado/vendor/laravel/framework/src/Illuminate/Database/Connectors/MySqlConnector.php(24): Illuminate\Database\Connectors\Connector->createConnection('mysql:host=127....', Array, Array)
#2 /Users/lslucas/Sites/melhorbocado/vendor/laravel/framework/src/Illuminate/Database/Connectors/ConnectionFactory.php(61): Illuminate\Database\Connectors\MySqlConnector->connect(Array)
#3 [internal function]: Illuminate\Database\Connectors\ConnectionFactory->Illuminate\Database\Connectors\{closure}()
#4 /Users/lslucas/Sites/melhorbocado/vendor/laravel/framework/src/Illuminate/Database/Connection.php(868): call_user_func(Object(Closure))
#5 /Users/lslucas/Sites/melhorbocado/vendor/laravel/framework/src/Illuminate/Database/Connection.php(736): Illuminate\Database\Connection->getPdo()
#6 /Users/lslucas/Sites/melhorbocado/vendor/laravel/framework/src/Illuminate/Database/Connection.php(621): Illuminate\Database\Connection->reconnectIfMissingConnection()
#7 /Users/lslucas/Sites/melhorbocado/vendor/laravel/framework/src/Illuminate/Database/Connection.php(342): Illuminate\Database\Connection->run('select * from `...', Array, Object(Closure))
#8 /Users/lslucas/Sites/melhorbocado/vendor/laravel/framework/src/Illuminate/Database/Query/Builder.php(1515): Illuminate\Database\Connection->select('select * from `...', Array, true)
#9 /Users/lslucas/Sites/melhorbocado/vendor/laravel/framework/src/Illuminate/Database/Query/Builder.php(1501): Illuminate\Database\Query\Builder->runSelect()
#10 /Users/lslucas/Sites/melhorbocado/vendor/laravel/framework/src/Illuminate/Database/Eloquent/Builder.php(596): Illuminate\Database\Query\Builder->get(Array)
#11 /Users/lslucas/Sites/melhorbocado/vendor/laravel/framework/src/Illuminate/Database/Eloquent/Builder.php(303): Illuminate\Database\Eloquent\Builder->getModels(Array)
#12 /Users/lslucas/Sites/melhorbocado/vendor/laravel/framework/src/Illuminate/Database/Eloquent/Builder.php(273): Illuminate\Database\Eloquent\Builder->get(Array)
#13 /Users/lslucas/Sites/melhorbocado/vendor/laravel/framework/src/Illuminate/Auth/EloquentUserProvider.php(64): Illuminate\Database\Eloquent\Builder->first()
#14 /Users/lslucas/Sites/melhorbocado/vendor/laravel/framework/src/Illuminate/Auth/SessionGuard.php(186): Illuminate\Auth\EloquentUserProvider->retrieveByToken('1', 'IDQqy36cY0SMhev...')
#15 /Users/lslucas/Sites/melhorbocado/vendor/laravel/framework/src/Illuminate/Auth/SessionGuard.php(141): Illuminate\Auth\SessionGuard->getUserByRecaller('1|IDQqy36cY0SMh...')
#16 /Users/lslucas/Sites/melhorbocado/vendor/laravel/framework/src/Illuminate/Auth/GuardHelpers.php(33): Illuminate\Auth\SessionGuard->user()
#17 /Users/lslucas/Sites/melhorbocado/vendor/laravel/framework/src/Illuminate/Auth/GuardHelpers.php(43): Illuminate\Auth\SessionGuard->check()
#18 /Users/lslucas/Sites/melhorbocado/app/Http/Middleware/Authenticate.php(35): Illuminate\Auth\SessionGuard->guest()
#19 [internal function]: App\Http\Middleware\Authenticate->handle(Object(Illuminate\Http\Request), Object(Closure))
#20 /Users/lslucas/Sites/melhorbocado/vendor/laravel/framework/src/Illuminate/Pipeline/Pipeline.php(136): call_user_func_array(Array, Array)
#21 [internal function]: Illuminate\Pipeline\Pipeline->Illuminate\Pipeline\{closure}(Object(Illuminate\Http\Request))
#22 /Users/lslucas/Sites/melhorbocado/vendor/laravel/framework/src/Illuminate/Routing/Pipeline.php(32): call_user_func(Object(Closure), Object(Illuminate\Http\Request))
#23 [internal function]: Illuminate\Routing\Pipeline->Illuminate\Routing\{closure}(Object(Illuminate\Http\Request))
#24 /Users/lslucas/Sites/melhorbocado/vendor/laravel/framework/src/Illuminate/Pipeline/Pipeline.php(102): call_user_func(Object(Closure), Object(Illuminate\Http\Request))
#25 /Users/lslucas/Sites/melhorbocado/vendor/laravel/framework/src/Illuminate/Routing/Router.php(726): Illuminate\Pipeline\Pipeline->then(Object(Closure))
#26 /Users/lslucas/Sites/melhorbocado/vendor/laravel/framework/src/Illuminate/Routing/Router.php(699): Illuminate\Routing\Router->runRouteWithinStack(Object(Illuminate\Routing\Route), Object(Illuminate\Http\Request))
#27 /Users/lslucas/Sites/melhorbocado/vendor/laravel/framework/src/Illuminate/Routing/Router.php(675): Illuminate\Routing\Router->dispatchToRoute(Object(Illuminate\Http\Request))
#28 /Users/lslucas/Sites/melhorbocado/vendor/laravel/framework/src/Illuminate/Foundation/Http/Kernel.php(246): Illuminate\Routing\Router->dispatch(Object(Illuminate\Http\Request))
#29 [internal function]: Illuminate\Foundation\Http\Kernel->Illuminate\Foundation\Http\{closure}(Object(Illuminate\Http\Request))
#30 /Users/lslucas/Sites/melhorbocado/vendor/laravel/framework/src/Illuminate/Routing/Pipeline.php(52): call_user_func(Object(Closure), Object(Illuminate\Http\Request))
#31 /Users/lslucas/Sites/melhorbocado/app/Http/Middleware/LogDBQueries.php(26): Illuminate\Routing\Pipeline->Illuminate\Routing\{closure}(Object(Illuminate\Http\Request))
#32 [internal function]: App\Http\Middleware\LogDBQueries->handle(Object(Illuminate\Http\Request), Object(Closure))
#33 /Users/lslucas/Sites/melhorbocado/vendor/laravel/framework/src/Illuminate/Pipeline/Pipeline.php(136): call_user_func_array(Array, Array)
#34 [internal function]: Illuminate\Pipeline\Pipeline->Illuminate\Pipeline\{closure}(Object(Illuminate\Http\Request))
#35 /Users/lslucas/Sites/melhorbocado/vendor/laravel/framework/src/Illuminate/Routing/Pipeline.php(32): call_user_func(Object(Closure), Object(Illuminate\Http\Request))
#36 /Users/lslucas/Sites/melhorbocado/vendor/laravel/framework/src/Illuminate/Foundation/Http/Middleware/VerifyCsrfToken.php(64): Illuminate\Routing\Pipeline->Illuminate\Routing\{closure}(Object(Illuminate\Http\Request))
#37 /Users/lslucas/Sites/melhorbocado/app/Http/Middleware/VerifyCsrfToken.php(20): Illuminate\Foundation\Http\Middleware\VerifyCsrfToken->handle(Object(Illuminate\Http\Request), Object(Closure))
#38 [internal function]: App\Http\Middleware\VerifyCsrfToken->handle(Object(Illuminate\Http\Request), Object(Closure))
#39 /Users/lslucas/Sites/melhorbocado/vendor/laravel/framework/src/Illuminate/Pipeline/Pipeline.php(136): call_user_func_array(Array, Array)
#40 [internal function]: Illuminate\Pipeline\Pipeline->Illuminate\Pipeline\{closure}(Object(Illuminate\Http\Request))
#41 /Users/lslucas/Sites/melhorbocado/vendor/laravel/framework/src/Illuminate/Routing/Pipeline.php(32): call_user_func(Object(Closure), Object(Illuminate\Http\Request))
#42 /Users/lslucas/Sites/melhorbocado/vendor/laravel/framework/src/Illuminate/View/Middleware/ShareErrorsFromSession.php(49): Illuminate\Routing\Pipeline->Illuminate\Routing\{closure}(Object(Illuminate\Http\Request))
#43 [internal function]: Illuminate\View\Middleware\ShareErrorsFromSession->handle(Object(Illuminate\Http\Request), Object(Closure))
#44 /Users/lslucas/Sites/melhorbocado/vendor/laravel/framework/src/Illuminate/Pipeline/Pipeline.php(136): call_user_func_array(Array, Array)
#45 [internal function]: Illuminate\Pipeline\Pipeline->Illuminate\Pipeline\{closure}(Object(Illuminate\Http\Request))
#46 /Users/lslucas/Sites/melhorbocado/vendor/laravel/framework/src/Illuminate/Routing/Pipeline.php(32): call_user_func(Object(Closure), Object(Illuminate\Http\Request))
#47 /Users/lslucas/Sites/melhorbocado/vendor/laravel/framework/src/Illuminate/Session/Middleware/StartSession.php(62): Illuminate\Routing\Pipeline->Illuminate\Routing\{closure}(Object(Illuminate\Http\Request))
#48 [internal function]: Illuminate\Session\Middleware\StartSession->handle(Object(Illuminate\Http\Request), Object(Closure))
#49 /Users/lslucas/Sites/melhorbocado/vendor/laravel/framework/src/Illuminate/Pipeline/Pipeline.php(136): call_user_func_array(Array, Array)
#50 [internal function]: Illuminate\Pipeline\Pipeline->Illuminate\Pipeline\{closure}(Object(Illuminate\Http\Request))
#51 /Users/lslucas/Sites/melhorbocado/vendor/laravel/framework/src/Illuminate/Routing/Pipeline.php(32): call_user_func(Object(Closure), Object(Illuminate\Http\Request))
#52 /Users/lslucas/Sites/melhorbocado/vendor/laravel/framework/src/Illuminate/Cookie/Middleware/AddQueuedCookiesToResponse.php(37): Illuminate\Routing\Pipeline->Illuminate\Routing\{closure}(Object(Illuminate\Http\Request))
#53 [internal function]: Illuminate\Cookie\Middleware\AddQueuedCookiesToResponse->handle(Object(Illuminate\Http\Request), Object(Closure))
#54 /Users/lslucas/Sites/melhorbocado/vendor/laravel/framework/src/Illuminate/Pipeline/Pipeline.php(136): call_user_func_array(Array, Array)
#55 [internal function]: Illuminate\Pipeline\Pipeline->Illuminate\Pipeline\{closure}(Object(Illuminate\Http\Request))
#56 /Users/lslucas/Sites/melhorbocado/vendor/laravel/framework/src/Illuminate/Routing/Pipeline.php(32): call_user_func(Object(Closure), Object(Illuminate\Http\Request))
#57 /Users/lslucas/Sites/melhorbocado/vendor/laravel/framework/src/Illuminate/Cookie/Middleware/EncryptCookies.php(59): Illuminate\Routing\Pipeline->Illuminate\Routing\{closure}(Object(Illuminate\Http\Request))
#58 [internal function]: Illuminate\Cookie\Middleware\EncryptCookies->handle(Object(Illuminate\Http\Request), Object(Closure))
#59 /Users/lslucas/Sites/melhorbocado/vendor/laravel/framework/src/Illuminate/Pipeline/Pipeline.php(136): call_user_func_array(Array, Array)
#60 [internal function]: Illuminate\Pipeline\Pipeline->Illuminate\Pipeline\{closure}(Object(Illuminate\Http\Request))
#61 /Users/lslucas/Sites/melhorbocado/vendor/laravel/framework/src/Illuminate/Routing/Pipeline.php(32): call_user_func(Object(Closure), Object(Illuminate\Http\Request))
#62 /Users/lslucas/Sites/melhorbocado/vendor/laravel/framework/src/Illuminate/Foundation/Http/Middleware/CheckForMaintenanceMode.php(44): Illuminate\Routing\Pipeline->Illuminate\Routing\{closure}(Object(Illuminate\Http\Request))
#63 [internal function]: Illuminate\Foundation\Http\Middleware\CheckForMaintenanceMode->handle(Object(Illuminate\Http\Request), Object(Closure))
#64 /Users/lslucas/Sites/melhorbocado/vendor/laravel/framework/src/Illuminate/Pipeline/Pipeline.php(136): call_user_func_array(Array, Array)
#65 [internal function]: Illuminate\Pipeline\Pipeline->Illuminate\Pipeline\{closure}(Object(Illuminate\Http\Request))
#66 /Users/lslucas/Sites/melhorbocado/vendor/laravel/framework/src/Illuminate/Routing/Pipeline.php(32): call_user_func(Object(Closure), Object(Illuminate\Http\Request))
#67 [internal function]: Illuminate\Routing\Pipeline->Illuminate\Routing\{closure}(Object(Illuminate\Http\Request))
#68 /Users/lslucas/Sites/melhorbocado/vendor/laravel/framework/src/Illuminate/Pipeline/Pipeline.php(102): call_user_func(Object(Closure), Object(Illuminate\Http\Request))
#69 /Users/lslucas/Sites/melhorbocado/vendor/laravel/framework/src/Illuminate/Foundation/Http/Kernel.php(132): Illuminate\Pipeline\Pipeline->then(Object(Closure))
#70 /Users/lslucas/Sites/melhorbocado/vendor/laravel/framework/src/Illuminate/Foundation/Http/Kernel.php(99): Illuminate\Foundation\Http\Kernel->sendRequestThroughRouter(Object(Illuminate\Http\Request))
#71 /Users/lslucas/Sites/melhorbocado/public/index.php(52): Illuminate\Foundation\Http\Kernel->handle(Object(Illuminate\Http\Request))
#72 /Users/lslucas/.composer/vendor/laravel/valet/server.php(106): require('/Users/lslucas/...')
#73 {main}  
[2016-06-02 01:22:53] local.DEBUG: select * from `users` where `id` = ? and `remember_token` = ? limit 1 {"bindings":["1","IDQqy36cY0SMhevTxPD2YopvDtsnXcu6TqdYQylzRHWd06FxsEcu53vToKfz"],"time":93.93} 
[2016-06-02 01:22:53] local.DEBUG: select `roles`.*, `role_user`.`user_id` as `pivot_user_id`, `role_user`.`role_id` as `pivot_role_id`, `role_user`.`created_at` as `pivot_created_at`, `role_user`.`updated_at` as `pivot_updated_at` from `roles` inner join `role_user` on `roles`.`id` = `role_user`.`role_id` where `role_user`.`user_id` = ? {"bindings":[1],"time":78.54} 
[2016-06-02 01:23:02] local.DEBUG: select * from `users` where `users`.`id` = ? limit 1 {"bindings":[1],"time":1.05} 
[2016-06-02 01:23:02] local.DEBUG: select * from `category` where status=1 {"bindings":[],"time":25.23} 
[2016-06-02 01:23:02] local.DEBUG: select * from `products` where `area` = ? group by `titulo` {"bindings":["supermercado"],"time":21.27} 
[2016-06-02 01:23:02] local.DEBUG: select * from `products` where `area` = ? group by `titulo`, `area`, `sabor`, `titulo` {"bindings":["supermercado"],"time":0.82} 
[2016-06-02 01:23:02] local.DEBUG: select `roles`.*, `role_user`.`user_id` as `pivot_user_id`, `role_user`.`role_id` as `pivot_role_id`, `role_user`.`created_at` as `pivot_created_at`, `role_user`.`updated_at` as `pivot_updated_at` from `roles` inner join `role_user` on `roles`.`id` = `role_user`.`role_id` where `role_user`.`user_id` = ? {"bindings":[1],"time":1.01} 
[2016-06-02 01:23:04] local.DEBUG: select * from `users` where `users`.`id` = ? limit 1 {"bindings":[1],"time":0.94} 
[2016-06-02 01:23:04] local.DEBUG: select * from `category` where status=1 {"bindings":[],"time":0.84} 
[2016-06-02 01:23:04] local.DEBUG: select * from `products` where `area` = ? group by `titulo` {"bindings":["foodservice"],"time":1.34} 
[2016-06-02 01:23:04] local.DEBUG: select * from `products` where `area` = ? group by `titulo`, `area`, `sabor`, `titulo` {"bindings":["foodservice"],"time":1.16} 
[2016-06-02 01:23:04] local.DEBUG: select `roles`.*, `role_user`.`user_id` as `pivot_user_id`, `role_user`.`role_id` as `pivot_role_id`, `role_user`.`created_at` as `pivot_created_at`, `role_user`.`updated_at` as `pivot_updated_at` from `roles` inner join `role_user` on `roles`.`id` = `role_user`.`role_id` where `role_user`.`user_id` = ? {"bindings":[1],"time":1.11} 
[2016-06-02 01:23:20] local.DEBUG: select * from `users` where `users`.`id` = ? limit 1 {"bindings":[1],"time":0.71} 
[2016-06-02 01:23:20] local.DEBUG: select * from `biz` {"bindings":[],"time":31.38} 
[2016-06-02 01:23:20] local.DEBUG: select `roles`.*, `role_user`.`user_id` as `pivot_user_id`, `role_user`.`role_id` as `pivot_role_id`, `role_user`.`created_at` as `pivot_created_at`, `role_user`.`updated_at` as `pivot_updated_at` from `roles` inner join `role_user` on `roles`.`id` = `role_user`.`role_id` where `role_user`.`user_id` = ? {"bindings":[1],"time":1.04} 
[2016-06-02 01:23:23] local.DEBUG: select * from `users` where `users`.`id` = ? limit 1 {"bindings":[1],"time":0.76} 
[2016-06-02 01:23:23] local.DEBUG: select * from `users` {"bindings":[],"time":0.65} 
[2016-06-02 01:23:23] local.DEBUG: select `roles`.*, `role_user`.`user_id` as `pivot_user_id`, `role_user`.`role_id` as `pivot_role_id`, `role_user`.`created_at` as `pivot_created_at`, `role_user`.`updated_at` as `pivot_updated_at` from `roles` inner join `role_user` on `roles`.`id` = `role_user`.`role_id` where `role_user`.`user_id` = ? {"bindings":[1],"time":0.97} 
[2016-06-02 01:23:23] local.DEBUG: select * from `biz_user` where `user_id` = ? limit 1 {"bindings":[1],"time":17.62} 
[2016-06-02 01:23:23] local.DEBUG: select * from `role_user` where `user_id` = ? limit 1 {"bindings":[1],"time":0.95} 
[2016-06-02 01:23:23] local.DEBUG: select * from `roles` where `roles`.`id` = ? limit 1 {"bindings":[1],"time":0.92} 
[2016-06-02 01:23:23] local.DEBUG: select * from `biz_user` where `user_id` = ? limit 1 {"bindings":[2],"time":0.64} 
[2016-06-02 01:23:23] local.DEBUG: select * from `biz` where `biz`.`id` = ? limit 1 {"bindings":[26],"time":1.31} 
[2016-06-02 01:23:23] local.DEBUG: select * from `role_user` where `user_id` = ? limit 1 {"bindings":[2],"time":1.03} 
[2016-06-02 01:23:23] local.DEBUG: select * from `roles` where `roles`.`id` = ? limit 1 {"bindings":[2],"time":0.6} 
[2016-06-02 01:23:23] local.DEBUG: select * from `biz_user` where `user_id` = ? limit 1 {"bindings":[3],"time":0.51} 
[2016-06-02 01:23:23] local.DEBUG: select * from `biz` where `biz`.`id` = ? limit 1 {"bindings":[26],"time":0.72} 
[2016-06-02 01:23:23] local.DEBUG: select * from `role_user` where `user_id` = ? limit 1 {"bindings":[3],"time":0.52} 
[2016-06-02 01:23:23] local.DEBUG: select * from `roles` where `roles`.`id` = ? limit 1 {"bindings":[3],"time":0.49} 
[2016-06-02 01:23:23] local.DEBUG: select * from `biz_user` where `user_id` = ? limit 1 {"bindings":[4],"time":0.47} 
[2016-06-02 01:23:23] local.DEBUG: select * from `role_user` where `user_id` = ? limit 1 {"bindings":[4],"time":0.46} 
[2016-06-02 01:23:23] local.DEBUG: select * from `roles` where `roles`.`id` = ? limit 1 {"bindings":[1],"time":0.65} 
