[2016-05-27 02:02:26] local.ERROR: PDOException: SQLSTATE[HY000] [2002] Connection refused in /Users/lslucas/Sites/melhorbocado/vendor/laravel/framework/src/Illuminate/Database/Connectors/Connector.php:55
Stack trace:
#0 /Users/lslucas/Sites/melhorbocado/vendor/laravel/framework/src/Illuminate/Database/Connectors/Connector.php(55): PDO->__construct('mysql:host=127....', 'root', '', Array)
#1 /Users/lslucas/Sites/melhorbocado/vendor/laravel/framework/src/Illuminate/Database/Connectors/MySqlConnector.php(24): Illuminate\Database\Connectors\Connector->createConnection('mysql:host=127....', Array, Array)
#2 /Users/lslucas/Sites/melhorbocado/vendor/laravel/framework/src/Illuminate/Database/Connectors/ConnectionFactory.php(61): Illuminate\Database\Connectors\MySqlConnector->connect(Array)
#3 [internal function]: Illuminate\Database\Connectors\ConnectionFactory->Illuminate\Database\Connectors\{closure}()
#4 /Users/lslucas/Sites/melhorbocado/vendor/laravel/framework/src/Illuminate/Database/Connection.php(868): call_user_func(Object(Closure))
#5 /Users/lslucas/Sites/melhorbocado/vendor/laravel/framework/src/Illuminate/Database/Connection.php(736): Illuminate\Database\Connection->getPdo()
#6 /Users/lslucas/Sites/melhorbocado/vendor/laravel/framework/src/Illuminate/Database/Connection.php(621): Illuminate\Database\Connection->reconnectIfMissingConnection()
#7 /Users/lslucas/Sites/melhorbocado/vendor/laravel/framework/src/Illuminate/Database/Connection.php(342): Illuminate\Database\Connection->run('select * from `...', Array, Object(Closure))
#8 /Users/lslucas/Sites/melhorbocado/vendor/laravel/framework/src/Illuminate/Database/Query/Builder.php(1515): Illuminate\Database\Connection->select('select * from `...', Array, true)
#9 /Users/lslucas/Sites/melhorbocado/vendor/laravel/framework/src/Illuminate/Database/Query/Builder.php(1501): Illuminate\Database\Query\Builder->runSelect()
#10 /Users/lslucas/Sites/melhorbocado/vendor/laravel/framework/src/Illuminate/Database/Eloquent/Builder.php(596): Illuminate\Database\Query\Builder->get(Array)
#11 /Users/lslucas/Sites/melhorbocado/vendor/laravel/framework/src/Illuminate/Database/Eloquent/Builder.php(303): Illuminate\Database\Eloquent\Builder->getModels(Array)
#12 /Users/lslucas/Sites/melhorbocado/vendor/laravel/framework/src/Illuminate/Database/Eloquent/Builder.php(273): Illuminate\Database\Eloquent\Builder->get(Array)
#13 /Users/lslucas/Sites/melhorbocado/vendor/laravel/framework/src/Illuminate/Auth/EloquentUserProvider.php(64): Illuminate\Database\Eloquent\Builder->first()
#14 /Users/lslucas/Sites/melhorbocado/vendor/laravel/framework/src/Illuminate/Auth/SessionGuard.php(186): Illuminate\Auth\EloquentUserProvider->retrieveByToken('1', 'IDQqy36cY0SMhev...')
#15 /Users/lslucas/Sites/melhorbocado/vendor/laravel/framework/src/Illuminate/Auth/SessionGuard.php(141): Illuminate\Auth\SessionGuard->getUserByRecaller('1|IDQqy36cY0SMh...')
#16 /Users/lslucas/Sites/melhorbocado/vendor/laravel/framework/src/Illuminate/Auth/GuardHelpers.php(33): Illuminate\Auth\SessionGuard->user()
#17 /Users/lslucas/Sites/melhorbocado/vendor/laravel/framework/src/Illuminate/Auth/GuardHelpers.php(43): Illuminate\Auth\SessionGuard->check()
#18 /Users/lslucas/Sites/melhorbocado/app/Http/Middleware/Authenticate.php(35): Illuminate\Auth\SessionGuard->guest()
#19 [internal function]: App\Http\Middleware\Authenticate->handle(Object(Illuminate\Http\Request), Object(Closure))
#20 /Users/lslucas/Sites/melhorbocado/vendor/laravel/framework/src/Illuminate/Pipeline/Pipeline.php(136): call_user_func_array(Array, Array)
#21 [internal function]: Illuminate\Pipeline\Pipeline->Illuminate\Pipeline\{closure}(Object(Illuminate\Http\Request))
#22 /Users/lslucas/Sites/melhorbocado/vendor/laravel/framework/src/Illuminate/Routing/Pipeline.php(32): call_user_func(Object(Closure), Object(Illuminate\Http\Request))
#23 [internal function]: Illuminate\Routing\Pipeline->Illuminate\Routing\{closure}(Object(Illuminate\Http\Request))
#24 /Users/lslucas/Sites/melhorbocado/vendor/laravel/framework/src/Illuminate/Pipeline/Pipeline.php(102): call_user_func(Object(Closure), Object(Illuminate\Http\Request))
#25 /Users/lslucas/Sites/melhorbocado/vendor/laravel/framework/src/Illuminate/Routing/Router.php(726): Illuminate\Pipeline\Pipeline->then(Object(Closure))
#26 /Users/lslucas/Sites/melhorbocado/vendor/laravel/framework/src/Illuminate/Routing/Router.php(699): Illuminate\Routing\Router->runRouteWithinStack(Object(Illuminate\Routing\Route), Object(Illuminate\Http\Request))
#27 /Users/lslucas/Sites/melhorbocado/vendor/laravel/framework/src/Illuminate/Routing/Router.php(675): Illuminate\Routing\Router->dispatchToRoute(Object(Illuminate\Http\Request))
#28 /Users/lslucas/Sites/melhorbocado/vendor/laravel/framework/src/Illuminate/Foundation/Http/Kernel.php(246): Illuminate\Routing\Router->dispatch(Object(Illuminate\Http\Request))
#29 [internal function]: Illuminate\Foundation\Http\Kernel->Illuminate\Foundation\Http\{closure}(Object(Illuminate\Http\Request))
#30 /Users/lslucas/Sites/melhorbocado/vendor/laravel/framework/src/Illuminate/Routing/Pipeline.php(52): call_user_func(Object(Closure), Object(Illuminate\Http\Request))
#31 /Users/lslucas/Sites/melhorbocado/app/Http/Middleware/LogDBQueries.php(26): Illuminate\Routing\Pipeline->Illuminate\Routing\{closure}(Object(Illuminate\Http\Request))
#32 [internal function]: App\Http\Middleware\LogDBQueries->handle(Object(Illuminate\Http\Request), Object(Closure))
#33 /Users/lslucas/Sites/melhorbocado/vendor/laravel/framework/src/Illuminate/Pipeline/Pipeline.php(136): call_user_func_array(Array, Array)
#34 [internal function]: Illuminate\Pipeline\Pipeline->Illuminate\Pipeline\{closure}(Object(Illuminate\Http\Request))
#35 /Users/lslucas/Sites/melhorbocado/vendor/laravel/framework/src/Illuminate/Routing/Pipeline.php(32): call_user_func(Object(Closure), Object(Illuminate\Http\Request))
#36 /Users/lslucas/Sites/melhorbocado/vendor/laravel/framework/src/Illuminate/Foundation/Http/Middleware/VerifyCsrfToken.php(64): Illuminate\Routing\Pipeline->Illuminate\Routing\{closure}(Object(Illuminate\Http\Request))
#37 /Users/lslucas/Sites/melhorbocado/app/Http/Middleware/VerifyCsrfToken.php(20): Illuminate\Foundation\Http\Middleware\VerifyCsrfToken->handle(Object(Illuminate\Http\Request), Object(Closure))
#38 [internal function]: App\Http\Middleware\VerifyCsrfToken->handle(Object(Illuminate\Http\Request), Object(Closure))
#39 /Users/lslucas/Sites/melhorbocado/vendor/laravel/framework/src/Illuminate/Pipeline/Pipeline.php(136): call_user_func_array(Array, Array)
#40 [internal function]: Illuminate\Pipeline\Pipeline->Illuminate\Pipeline\{closure}(Object(Illuminate\Http\Request))
#41 /Users/lslucas/Sites/melhorbocado/vendor/laravel/framework/src/Illuminate/Routing/Pipeline.php(32): call_user_func(Object(Closure), Object(Illuminate\Http\Request))
#42 /Users/lslucas/Sites/melhorbocado/vendor/laravel/framework/src/Illuminate/View/Middleware/ShareErrorsFromSession.php(49): Illuminate\Routing\Pipeline->Illuminate\Routing\{closure}(Object(Illuminate\Http\Request))
#43 [internal function]: Illuminate\View\Middleware\ShareErrorsFromSession->handle(Object(Illuminate\Http\Request), Object(Closure))
#44 /Users/lslucas/Sites/melhorbocado/vendor/laravel/framework/src/Illuminate/Pipeline/Pipeline.php(136): call_user_func_array(Array, Array)
#45 [internal function]: Illuminate\Pipeline\Pipeline->Illuminate\Pipeline\{closure}(Object(Illuminate\Http\Request))
#46 /Users/lslucas/Sites/melhorbocado/vendor/laravel/framework/src/Illuminate/Routing/Pipeline.php(32): call_user_func(Object(Closure), Object(Illuminate\Http\Request))
#47 /Users/lslucas/Sites/melhorbocado/vendor/laravel/framework/src/Illuminate/Session/Middleware/StartSession.php(62): Illuminate\Routing\Pipeline->Illuminate\Routing\{closure}(Object(Illuminate\Http\Request))
#48 [internal function]: Illuminate\Session\Middleware\StartSession->handle(Object(Illuminate\Http\Request), Object(Closure))
#49 /Users/lslucas/Sites/melhorbocado/vendor/laravel/framework/src/Illuminate/Pipeline/Pipeline.php(136): call_user_func_array(Array, Array)
#50 [internal function]: Illuminate\Pipeline\Pipeline->Illuminate\Pipeline\{closure}(Object(Illuminate\Http\Request))
#51 /Users/lslucas/Sites/melhorbocado/vendor/laravel/framework/src/Illuminate/Routing/Pipeline.php(32): call_user_func(Object(Closure), Object(Illuminate\Http\Request))
#52 /Users/lslucas/Sites/melhorbocado/vendor/laravel/framework/src/Illuminate/Cookie/Middleware/AddQueuedCookiesToResponse.php(37): Illuminate\Routing\Pipeline->Illuminate\Routing\{closure}(Object(Illuminate\Http\Request))
#53 [internal function]: Illuminate\Cookie\Middleware\AddQueuedCookiesToResponse->handle(Object(Illuminate\Http\Request), Object(Closure))
#54 /Users/lslucas/Sites/melhorbocado/vendor/laravel/framework/src/Illuminate/Pipeline/Pipeline.php(136): call_user_func_array(Array, Array)
#55 [internal function]: Illuminate\Pipeline\Pipeline->Illuminate\Pipeline\{closure}(Object(Illuminate\Http\Request))
#56 /Users/lslucas/Sites/melhorbocado/vendor/laravel/framework/src/Illuminate/Routing/Pipeline.php(32): call_user_func(Object(Closure), Object(Illuminate\Http\Request))
#57 /Users/lslucas/Sites/melhorbocado/vendor/laravel/framework/src/Illuminate/Cookie/Middleware/EncryptCookies.php(59): Illuminate\Routing\Pipeline->Illuminate\Routing\{closure}(Object(Illuminate\Http\Request))
#58 [internal function]: Illuminate\Cookie\Middleware\EncryptCookies->handle(Object(Illuminate\Http\Request), Object(Closure))
#59 /Users/lslucas/Sites/melhorbocado/vendor/laravel/framework/src/Illuminate/Pipeline/Pipeline.php(136): call_user_func_array(Array, Array)
#60 [internal function]: Illuminate\Pipeline\Pipeline->Illuminate\Pipeline\{closure}(Object(Illuminate\Http\Request))
#61 /Users/lslucas/Sites/melhorbocado/vendor/laravel/framework/src/Illuminate/Routing/Pipeline.php(32): call_user_func(Object(Closure), Object(Illuminate\Http\Request))
#62 /Users/lslucas/Sites/melhorbocado/vendor/laravel/framework/src/Illuminate/Foundation/Http/Middleware/CheckForMaintenanceMode.php(44): Illuminate\Routing\Pipeline->Illuminate\Routing\{closure}(Object(Illuminate\Http\Request))
#63 [internal function]: Illuminate\Foundation\Http\Middleware\CheckForMaintenanceMode->handle(Object(Illuminate\Http\Request), Object(Closure))
#64 /Users/lslucas/Sites/melhorbocado/vendor/laravel/framework/src/Illuminate/Pipeline/Pipeline.php(136): call_user_func_array(Array, Array)
#65 [internal function]: Illuminate\Pipeline\Pipeline->Illuminate\Pipeline\{closure}(Object(Illuminate\Http\Request))
#66 /Users/lslucas/Sites/melhorbocado/vendor/laravel/framework/src/Illuminate/Routing/Pipeline.php(32): call_user_func(Object(Closure), Object(Illuminate\Http\Request))
#67 [internal function]: Illuminate\Routing\Pipeline->Illuminate\Routing\{closure}(Object(Illuminate\Http\Request))
#68 /Users/lslucas/Sites/melhorbocado/vendor/laravel/framework/src/Illuminate/Pipeline/Pipeline.php(102): call_user_func(Object(Closure), Object(Illuminate\Http\Request))
#69 /Users/lslucas/Sites/melhorbocado/vendor/laravel/framework/src/Illuminate/Foundation/Http/Kernel.php(132): Illuminate\Pipeline\Pipeline->then(Object(Closure))
#70 /Users/lslucas/Sites/melhorbocado/vendor/laravel/framework/src/Illuminate/Foundation/Http/Kernel.php(99): Illuminate\Foundation\Http\Kernel->sendRequestThroughRouter(Object(Illuminate\Http\Request))
#71 /Users/lslucas/Sites/melhorbocado/public/index.php(52): Illuminate\Foundation\Http\Kernel->handle(Object(Illuminate\Http\Request))
#72 /Users/lslucas/.composer/vendor/laravel/valet/server.php(106): require('/Users/lslucas/...')
#73 {main}  
[2016-05-27 04:49:39] local.ERROR: PDOException: SQLSTATE[HY000] [2002] Connection refused in /Users/lslucas/Sites/melhorbocado/vendor/laravel/framework/src/Illuminate/Database/Connectors/Connector.php:55
Stack trace:
#0 /Users/lslucas/Sites/melhorbocado/vendor/laravel/framework/src/Illuminate/Database/Connectors/Connector.php(55): PDO->__construct('mysql:host=127....', 'root', '', Array)
#1 /Users/lslucas/Sites/melhorbocado/vendor/laravel/framework/src/Illuminate/Database/Connectors/MySqlConnector.php(24): Illuminate\Database\Connectors\Connector->createConnection('mysql:host=127....', Array, Array)
#2 /Users/lslucas/Sites/melhorbocado/vendor/laravel/framework/src/Illuminate/Database/Connectors/ConnectionFactory.php(61): Illuminate\Database\Connectors\MySqlConnector->connect(Array)
#3 [internal function]: Illuminate\Database\Connectors\ConnectionFactory->Illuminate\Database\Connectors\{closure}()
#4 /Users/lslucas/Sites/melhorbocado/vendor/laravel/framework/src/Illuminate/Database/Connection.php(868): call_user_func(Object(Closure))
#5 /Users/lslucas/Sites/melhorbocado/vendor/laravel/framework/src/Illuminate/Database/Connection.php(736): Illuminate\Database\Connection->getPdo()
#6 /Users/lslucas/Sites/melhorbocado/vendor/laravel/framework/src/Illuminate/Database/Connection.php(621): Illuminate\Database\Connection->reconnectIfMissingConnection()
#7 /Users/lslucas/Sites/melhorbocado/vendor/laravel/framework/src/Illuminate/Database/Connection.php(342): Illuminate\Database\Connection->run('select * from `...', Array, Object(Closure))
#8 /Users/lslucas/Sites/melhorbocado/vendor/laravel/framework/src/Illuminate/Database/Query/Builder.php(1515): Illuminate\Database\Connection->select('select * from `...', Array, true)
#9 /Users/lslucas/Sites/melhorbocado/vendor/laravel/framework/src/Illuminate/Database/Query/Builder.php(1501): Illuminate\Database\Query\Builder->runSelect()
#10 /Users/lslucas/Sites/melhorbocado/vendor/laravel/framework/src/Illuminate/Database/Eloquent/Builder.php(596): Illuminate\Database\Query\Builder->get(Array)
#11 /Users/lslucas/Sites/melhorbocado/vendor/laravel/framework/src/Illuminate/Database/Eloquent/Builder.php(303): Illuminate\Database\Eloquent\Builder->getModels(Array)
#12 /Users/lslucas/Sites/melhorbocado/vendor/laravel/framework/src/Illuminate/Database/Eloquent/Builder.php(273): Illuminate\Database\Eloquent\Builder->get(Array)
#13 /Users/lslucas/Sites/melhorbocado/vendor/laravel/framework/src/Illuminate/Auth/EloquentUserProvider.php(64): Illuminate\Database\Eloquent\Builder->first()
#14 /Users/lslucas/Sites/melhorbocado/vendor/laravel/framework/src/Illuminate/Auth/SessionGuard.php(186): Illuminate\Auth\EloquentUserProvider->retrieveByToken('1', 'IDQqy36cY0SMhev...')
#15 /Users/lslucas/Sites/melhorbocado/vendor/laravel/framework/src/Illuminate/Auth/SessionGuard.php(141): Illuminate\Auth\SessionGuard->getUserByRecaller('1|IDQqy36cY0SMh...')
#16 /Users/lslucas/Sites/melhorbocado/vendor/laravel/framework/src/Illuminate/Auth/GuardHelpers.php(33): Illuminate\Auth\SessionGuard->user()
#17 /Users/lslucas/Sites/melhorbocado/vendor/laravel/framework/src/Illuminate/Auth/GuardHelpers.php(43): Illuminate\Auth\SessionGuard->check()
#18 /Users/lslucas/Sites/melhorbocado/app/Http/Middleware/Authenticate.php(35): Illuminate\Auth\SessionGuard->guest()
#19 [internal function]: App\Http\Middleware\Authenticate->handle(Object(Illuminate\Http\Request), Object(Closure))
#20 /Users/lslucas/Sites/melhorbocado/vendor/laravel/framework/src/Illuminate/Pipeline/Pipeline.php(136): call_user_func_array(Array, Array)
#21 [internal function]: Illuminate\Pipeline\Pipeline->Illuminate\Pipeline\{closure}(Object(Illuminate\Http\Request))
#22 /Users/lslucas/Sites/melhorbocado/vendor/laravel/framework/src/Illuminate/Routing/Pipeline.php(32): call_user_func(Object(Closure), Object(Illuminate\Http\Request))
#23 [internal function]: Illuminate\Routing\Pipeline->Illuminate\Routing\{closure}(Object(Illuminate\Http\Request))
#24 /Users/lslucas/Sites/melhorbocado/vendor/laravel/framework/src/Illuminate/Pipeline/Pipeline.php(102): call_user_func(Object(Closure), Object(Illuminate\Http\Request))
#25 /Users/lslucas/Sites/melhorbocado/vendor/laravel/framework/src/Illuminate/Routing/Router.php(726): Illuminate\Pipeline\Pipeline->then(Object(Closure))
#26 /Users/lslucas/Sites/melhorbocado/vendor/laravel/framework/src/Illuminate/Routing/Router.php(699): Illuminate\Routing\Router->runRouteWithinStack(Object(Illuminate\Routing\Route), Object(Illuminate\Http\Request))
#27 /Users/lslucas/Sites/melhorbocado/vendor/laravel/framework/src/Illuminate/Routing/Router.php(675): Illuminate\Routing\Router->dispatchToRoute(Object(Illuminate\Http\Request))
#28 /Users/lslucas/Sites/melhorbocado/vendor/laravel/framework/src/Illuminate/Foundation/Http/Kernel.php(246): Illuminate\Routing\Router->dispatch(Object(Illuminate\Http\Request))
#29 [internal function]: Illuminate\Foundation\Http\Kernel->Illuminate\Foundation\Http\{closure}(Object(Illuminate\Http\Request))
#30 /Users/lslucas/Sites/melhorbocado/vendor/laravel/framework/src/Illuminate/Routing/Pipeline.php(52): call_user_func(Object(Closure), Object(Illuminate\Http\Request))
#31 /Users/lslucas/Sites/melhorbocado/app/Http/Middleware/LogDBQueries.php(26): Illuminate\Routing\Pipeline->Illuminate\Routing\{closure}(Object(Illuminate\Http\Request))
#32 [internal function]: App\Http\Middleware\LogDBQueries->handle(Object(Illuminate\Http\Request), Object(Closure))
#33 /Users/lslucas/Sites/melhorbocado/vendor/laravel/framework/src/Illuminate/Pipeline/Pipeline.php(136): call_user_func_array(Array, Array)
#34 [internal function]: Illuminate\Pipeline\Pipeline->Illuminate\Pipeline\{closure}(Object(Illuminate\Http\Request))
#35 /Users/lslucas/Sites/melhorbocado/vendor/laravel/framework/src/Illuminate/Routing/Pipeline.php(32): call_user_func(Object(Closure), Object(Illuminate\Http\Request))
#36 /Users/lslucas/Sites/melhorbocado/vendor/laravel/framework/src/Illuminate/Foundation/Http/Middleware/VerifyCsrfToken.php(64): Illuminate\Routing\Pipeline->Illuminate\Routing\{closure}(Object(Illuminate\Http\Request))
#37 /Users/lslucas/Sites/melhorbocado/app/Http/Middleware/VerifyCsrfToken.php(20): Illuminate\Foundation\Http\Middleware\VerifyCsrfToken->handle(Object(Illuminate\Http\Request), Object(Closure))
#38 [internal function]: App\Http\Middleware\VerifyCsrfToken->handle(Object(Illuminate\Http\Request), Object(Closure))
#39 /Users/lslucas/Sites/melhorbocado/vendor/laravel/framework/src/Illuminate/Pipeline/Pipeline.php(136): call_user_func_array(Array, Array)
#40 [internal function]: Illuminate\Pipeline\Pipeline->Illuminate\Pipeline\{closure}(Object(Illuminate\Http\Request))
#41 /Users/lslucas/Sites/melhorbocado/vendor/laravel/framework/src/Illuminate/Routing/Pipeline.php(32): call_user_func(Object(Closure), Object(Illuminate\Http\Request))
#42 /Users/lslucas/Sites/melhorbocado/vendor/laravel/framework/src/Illuminate/View/Middleware/ShareErrorsFromSession.php(49): Illuminate\Routing\Pipeline->Illuminate\Routing\{closure}(Object(Illuminate\Http\Request))
#43 [internal function]: Illuminate\View\Middleware\ShareErrorsFromSession->handle(Object(Illuminate\Http\Request), Object(Closure))
#44 /Users/lslucas/Sites/melhorbocado/vendor/laravel/framework/src/Illuminate/Pipeline/Pipeline.php(136): call_user_func_array(Array, Array)
#45 [internal function]: Illuminate\Pipeline\Pipeline->Illuminate\Pipeline\{closure}(Object(Illuminate\Http\Request))
#46 /Users/lslucas/Sites/melhorbocado/vendor/laravel/framework/src/Illuminate/Routing/Pipeline.php(32): call_user_func(Object(Closure), Object(Illuminate\Http\Request))
#47 /Users/lslucas/Sites/melhorbocado/vendor/laravel/framework/src/Illuminate/Session/Middleware/StartSession.php(62): Illuminate\Routing\Pipeline->Illuminate\Routing\{closure}(Object(Illuminate\Http\Request))
#48 [internal function]: Illuminate\Session\Middleware\StartSession->handle(Object(Illuminate\Http\Request), Object(Closure))
#49 /Users/lslucas/Sites/melhorbocado/vendor/laravel/framework/src/Illuminate/Pipeline/Pipeline.php(136): call_user_func_array(Array, Array)
#50 [internal function]: Illuminate\Pipeline\Pipeline->Illuminate\Pipeline\{closure}(Object(Illuminate\Http\Request))
#51 /Users/lslucas/Sites/melhorbocado/vendor/laravel/framework/src/Illuminate/Routing/Pipeline.php(32): call_user_func(Object(Closure), Object(Illuminate\Http\Request))
#52 /Users/lslucas/Sites/melhorbocado/vendor/laravel/framework/src/Illuminate/Cookie/Middleware/AddQueuedCookiesToResponse.php(37): Illuminate\Routing\Pipeline->Illuminate\Routing\{closure}(Object(Illuminate\Http\Request))
#53 [internal function]: Illuminate\Cookie\Middleware\AddQueuedCookiesToResponse->handle(Object(Illuminate\Http\Request), Object(Closure))
#54 /Users/lslucas/Sites/melhorbocado/vendor/laravel/framework/src/Illuminate/Pipeline/Pipeline.php(136): call_user_func_array(Array, Array)
#55 [internal function]: Illuminate\Pipeline\Pipeline->Illuminate\Pipeline\{closure}(Object(Illuminate\Http\Request))
#56 /Users/lslucas/Sites/melhorbocado/vendor/laravel/framework/src/Illuminate/Routing/Pipeline.php(32): call_user_func(Object(Closure), Object(Illuminate\Http\Request))
#57 /Users/lslucas/Sites/melhorbocado/vendor/laravel/framework/src/Illuminate/Cookie/Middleware/EncryptCookies.php(59): Illuminate\Routing\Pipeline->Illuminate\Routing\{closure}(Object(Illuminate\Http\Request))
#58 [internal function]: Illuminate\Cookie\Middleware\EncryptCookies->handle(Object(Illuminate\Http\Request), Object(Closure))
#59 /Users/lslucas/Sites/melhorbocado/vendor/laravel/framework/src/Illuminate/Pipeline/Pipeline.php(136): call_user_func_array(Array, Array)
#60 [internal function]: Illuminate\Pipeline\Pipeline->Illuminate\Pipeline\{closure}(Object(Illuminate\Http\Request))
#61 /Users/lslucas/Sites/melhorbocado/vendor/laravel/framework/src/Illuminate/Routing/Pipeline.php(32): call_user_func(Object(Closure), Object(Illuminate\Http\Request))
#62 /Users/lslucas/Sites/melhorbocado/vendor/laravel/framework/src/Illuminate/Foundation/Http/Middleware/CheckForMaintenanceMode.php(44): Illuminate\Routing\Pipeline->Illuminate\Routing\{closure}(Object(Illuminate\Http\Request))
#63 [internal function]: Illuminate\Foundation\Http\Middleware\CheckForMaintenanceMode->handle(Object(Illuminate\Http\Request), Object(Closure))
#64 /Users/lslucas/Sites/melhorbocado/vendor/laravel/framework/src/Illuminate/Pipeline/Pipeline.php(136): call_user_func_array(Array, Array)
#65 [internal function]: Illuminate\Pipeline\Pipeline->Illuminate\Pipeline\{closure}(Object(Illuminate\Http\Request))
#66 /Users/lslucas/Sites/melhorbocado/vendor/laravel/framework/src/Illuminate/Routing/Pipeline.php(32): call_user_func(Object(Closure), Object(Illuminate\Http\Request))
#67 [internal function]: Illuminate\Routing\Pipeline->Illuminate\Routing\{closure}(Object(Illuminate\Http\Request))
#68 /Users/lslucas/Sites/melhorbocado/vendor/laravel/framework/src/Illuminate/Pipeline/Pipeline.php(102): call_user_func(Object(Closure), Object(Illuminate\Http\Request))
#69 /Users/lslucas/Sites/melhorbocado/vendor/laravel/framework/src/Illuminate/Foundation/Http/Kernel.php(132): Illuminate\Pipeline\Pipeline->then(Object(Closure))
#70 /Users/lslucas/Sites/melhorbocado/vendor/laravel/framework/src/Illuminate/Foundation/Http/Kernel.php(99): Illuminate\Foundation\Http\Kernel->sendRequestThroughRouter(Object(Illuminate\Http\Request))
#71 /Users/lslucas/Sites/melhorbocado/public/index.php(52): Illuminate\Foundation\Http\Kernel->handle(Object(Illuminate\Http\Request))
#72 /Users/lslucas/.composer/vendor/laravel/valet/server.php(106): require('/Users/lslucas/...')
#73 {main}  
[2016-05-27 15:02:23] local.DEBUG: select * from `users` where `id` = ? and `remember_token` = ? limit 1 {"bindings":["1","IDQqy36cY0SMhevTxPD2YopvDtsnXcu6TqdYQylzRHWd06FxsEcu53vToKfz"],"time":14.67} 
[2016-05-27 15:02:23] local.DEBUG: select `roles`.*, `role_user`.`user_id` as `pivot_user_id`, `role_user`.`role_id` as `pivot_role_id`, `role_user`.`created_at` as `pivot_created_at`, `role_user`.`updated_at` as `pivot_updated_at` from `roles` inner join `role_user` on `roles`.`id` = `role_user`.`role_id` where `role_user`.`user_id` = ? {"bindings":[1],"time":3.28} 
[2016-05-27 15:02:50] local.ERROR: PDOException: SQLSTATE[42S22]: Column not found: 1054 Unknown column 'username' in 'where clause' in /Users/lslucas/Sites/melhorbocado/vendor/laravel/framework/src/Illuminate/Database/Connection.php:333
Stack trace:
#0 /Users/lslucas/Sites/melhorbocado/vendor/laravel/framework/src/Illuminate/Database/Connection.php(333): PDO->prepare('select * from `...')
#1 /Users/lslucas/Sites/melhorbocado/vendor/laravel/framework/src/Illuminate/Database/Connection.php(666): Illuminate\Database\Connection->Illuminate\Database\{closure}(Object(Illuminate\Database\MySqlConnection), 'select * from `...', Array)
#2 /Users/lslucas/Sites/melhorbocado/vendor/laravel/framework/src/Illuminate/Database/Connection.php(629): Illuminate\Database\Connection->runQueryCallback('select * from `...', Array, Object(Closure))
#3 /Users/lslucas/Sites/melhorbocado/vendor/laravel/framework/src/Illuminate/Database/Connection.php(342): Illuminate\Database\Connection->run('select * from `...', Array, Object(Closure))
#4 /Users/lslucas/Sites/melhorbocado/vendor/laravel/framework/src/Illuminate/Database/Query/Builder.php(1515): Illuminate\Database\Connection->select('select * from `...', Array, true)
#5 /Users/lslucas/Sites/melhorbocado/vendor/laravel/framework/src/Illuminate/Database/Query/Builder.php(1501): Illuminate\Database\Query\Builder->runSelect()
#6 /Users/lslucas/Sites/melhorbocado/vendor/laravel/framework/src/Illuminate/Database/Eloquent/Builder.php(596): Illuminate\Database\Query\Builder->get(Array)
#7 /Users/lslucas/Sites/melhorbocado/vendor/laravel/framework/src/Illuminate/Database/Eloquent/Builder.php(303): Illuminate\Database\Eloquent\Builder->getModels(Array)
#8 /Users/lslucas/Sites/melhorbocado/vendor/laravel/framework/src/Illuminate/Database/Eloquent/Builder.php(273): Illuminate\Database\Eloquent\Builder->get(Array)
#9 /Users/lslucas/Sites/melhorbocado/vendor/laravel/framework/src/Illuminate/Auth/EloquentUserProvider.php(104): Illuminate\Database\Eloquent\Builder->first()
#10 /Users/lslucas/Sites/melhorbocado/vendor/laravel/framework/src/Illuminate/Auth/SessionGuard.php(353): Illuminate\Auth\EloquentUserProvider->retrieveByCredentials(Array)
#11 /Users/lslucas/Sites/melhorbocado/vendor/laravel/framework/src/Illuminate/Auth/SessionGuard.php(256): Illuminate\Auth\SessionGuard->attempt(Array, false, false)
#12 /Users/lslucas/Sites/melhorbocado/vendor/laravel/framework/src/Illuminate/Auth/SessionGuard.php(239): Illuminate\Auth\SessionGuard->validate(Array)
#13 [internal function]: Illuminate\Auth\SessionGuard->once(Array)
#14 /Users/lslucas/Sites/melhorbocado/vendor/laravel/framework/src/Illuminate/Auth/AuthManager.php(288): call_user_func_array(Array, Array)
#15 /Users/lslucas/Sites/melhorbocado/vendor/laravel/framework/src/Illuminate/Support/Facades/Facade.php(218): Illuminate\Auth\AuthManager->__call('once', Array)
#16 /Users/lslucas/Sites/melhorbocado/app/Http/routes.php(56): Illuminate\Support\Facades\Facade::__callStatic('once', Array)
#17 [internal function]: App\Providers\RouteServiceProvider->{closure}('lslucas@gmail.c...', 'mvdbt9')
#18 /Users/lslucas/Sites/melhorbocado/vendor/laravel/framework/src/Illuminate/Routing/Route.php(158): call_user_func_array(Object(Closure), Array)
#19 /Users/lslucas/Sites/melhorbocado/vendor/laravel/framework/src/Illuminate/Routing/Route.php(137): Illuminate\Routing\Route->runCallable(Object(Illuminate\Http\Request))
#20 /Users/lslucas/Sites/melhorbocado/vendor/laravel/framework/src/Illuminate/Routing/Router.php(724): Illuminate\Routing\Route->run(Object(Illuminate\Http\Request))
#21 [internal function]: Illuminate\Routing\Router->Illuminate\Routing\{closure}(Object(Illuminate\Http\Request))
#22 /Users/lslucas/Sites/melhorbocado/vendor/laravel/framework/src/Illuminate/Routing/Pipeline.php(52): call_user_func(Object(Closure), Object(Illuminate\Http\Request))
#23 [internal function]: Illuminate\Routing\Pipeline->Illuminate\Routing\{closure}(Object(Illuminate\Http\Request))
#24 /Users/lslucas/Sites/melhorbocado/vendor/laravel/framework/src/Illuminate/Pipeline/Pipeline.php(102): call_user_func(Object(Closure), Object(Illuminate\Http\Request))
#25 /Users/lslucas/Sites/melhorbocado/vendor/laravel/framework/src/Illuminate/Routing/Router.php(726): Illuminate\Pipeline\Pipeline->then(Object(Closure))
#26 /Users/lslucas/Sites/melhorbocado/vendor/laravel/framework/src/Illuminate/Routing/Router.php(699): Illuminate\Routing\Router->runRouteWithinStack(Object(Illuminate\Routing\Route), Object(Illuminate\Http\Request))
#27 /Users/lslucas/Sites/melhorbocado/vendor/laravel/framework/src/Illuminate/Routing/Router.php(675): Illuminate\Routing\Router->dispatchToRoute(Object(Illuminate\Http\Request))
#28 /Users/lslucas/Sites/melhorbocado/vendor/laravel/framework/src/Illuminate/Foundation/Http/Kernel.php(246): Illuminate\Routing\Router->dispatch(Object(Illuminate\Http\Request))
#29 [internal function]: Illuminate\Foundation\Http\Kernel->Illuminate\Foundation\Http\{closure}(Object(Illuminate\Http\Request))
#30 /Users/lslucas/Sites/melhorbocado/vendor/laravel/framework/src/Illuminate/Routing/Pipeline.php(52): call_user_func(Object(Closure), Object(Illuminate\Http\Request))
#31 /Users/lslucas/Sites/melhorbocado/app/Http/Middleware/LogDBQueries.php(26): Illuminate\Routing\Pipeline->Illuminate\Routing\{closure}(Object(Illuminate\Http\Request))
#32 [internal function]: App\Http\Middleware\LogDBQueries->handle(Object(Illuminate\Http\Request), Object(Closure))
#33 /Users/lslucas/Sites/melhorbocado/vendor/laravel/framework/src/Illuminate/Pipeline/Pipeline.php(136): call_user_func_array(Array, Array)
#34 [internal function]: Illuminate\Pipeline\Pipeline->Illuminate\Pipeline\{closure}(Object(Illuminate\Http\Request))
#35 /Users/lslucas/Sites/melhorbocado/vendor/laravel/framework/src/Illuminate/Routing/Pipeline.php(32): call_user_func(Object(Closure), Object(Illuminate\Http\Request))
#36 /Users/lslucas/Sites/melhorbocado/vendor/laravel/framework/src/Illuminate/Foundation/Http/Middleware/VerifyCsrfToken.php(64): Illuminate\Routing\Pipeline->Illuminate\Routing\{closure}(Object(Illuminate\Http\Request))
#37 /Users/lslucas/Sites/melhorbocado/app/Http/Middleware/VerifyCsrfToken.php(20): Illuminate\Foundation\Http\Middleware\VerifyCsrfToken->handle(Object(Illuminate\Http\Request), Object(Closure))
#38 [internal function]: App\Http\Middleware\VerifyCsrfToken->handle(Object(Illuminate\Http\Request), Object(Closure))
#39 /Users/lslucas/Sites/melhorbocado/vendor/laravel/framework/src/Illuminate/Pipeline/Pipeline.php(136): call_user_func_array(Array, Array)
#40 [internal function]: Illuminate\Pipeline\Pipeline->Illuminate\Pipeline\{closure}(Object(Illuminate\Http\Request))
#41 /Users/lslucas/Sites/melhorbocado/vendor/laravel/framework/src/Illuminate/Routing/Pipeline.php(32): call_user_func(Object(Closure), Object(Illuminate\Http\Request))
#42 /Users/lslucas/Sites/melhorbocado/vendor/laravel/framework/src/Illuminate/View/Middleware/ShareErrorsFromSession.php(49): Illuminate\Routing\Pipeline->Illuminate\Routing\{closure}(Object(Illuminate\Http\Request))
#43 [internal function]: Illuminate\View\Middleware\ShareErrorsFromSession->handle(Object(Illuminate\Http\Request), Object(Closure))
#44 /Users/lslucas/Sites/melhorbocado/vendor/laravel/framework/src/Illuminate/Pipeline/Pipeline.php(136): call_user_func_array(Array, Array)
#45 [internal function]: Illuminate\Pipeline\Pipeline->Illuminate\Pipeline\{closure}(Object(Illuminate\Http\Request))
#46 /Users/lslucas/Sites/melhorbocado/vendor/laravel/framework/src/Illuminate/Routing/Pipeline.php(32): call_user_func(Object(Closure), Object(Illuminate\Http\Request))
#47 /Users/lslucas/Sites/melhorbocado/vendor/laravel/framework/src/Illuminate/Session/Middleware/StartSession.php(62): Illuminate\Routing\Pipeline->Illuminate\Routing\{closure}(Object(Illuminate\Http\Request))
#48 [internal function]: Illuminate\Session\Middleware\StartSession->handle(Object(Illuminate\Http\Request), Object(Closure))
#49 /Users/lslucas/Sites/melhorbocado/vendor/laravel/framework/src/Illuminate/Pipeline/Pipeline.php(136): call_user_func_array(Array, Array)
#50 [internal function]: Illuminate\Pipeline\Pipeline->Illuminate\Pipeline\{closure}(Object(Illuminate\Http\Request))
#51 /Users/lslucas/Sites/melhorbocado/vendor/laravel/framework/src/Illuminate/Routing/Pipeline.php(32): call_user_func(Object(Closure), Object(Illuminate\Http\Request))
#52 /Users/lslucas/Sites/melhorbocado/vendor/laravel/framework/src/Illuminate/Cookie/Middleware/AddQueuedCookiesToResponse.php(37): Illuminate\Routing\Pipeline->Illuminate\Routing\{closure}(Object(Illuminate\Http\Request))
#53 [internal function]: Illuminate\Cookie\Middleware\AddQueuedCookiesToResponse->handle(Object(Illuminate\Http\Request), Object(Closure))
#54 /Users/lslucas/Sites/melhorbocado/vendor/laravel/framework/src/Illuminate/Pipeline/Pipeline.php(136): call_user_func_array(Array, Array)
#55 [internal function]: Illuminate\Pipeline\Pipeline->Illuminate\Pipeline\{closure}(Object(Illuminate\Http\Request))
#56 /Users/lslucas/Sites/melhorbocado/vendor/laravel/framework/src/Illuminate/Routing/Pipeline.php(32): call_user_func(Object(Closure), Object(Illuminate\Http\Request))
#57 /Users/lslucas/Sites/melhorbocado/vendor/laravel/framework/src/Illuminate/Cookie/Middleware/EncryptCookies.php(59): Illuminate\Routing\Pipeline->Illuminate\Routing\{closure}(Object(Illuminate\Http\Request))
#58 [internal function]: Illuminate\Cookie\Middleware\EncryptCookies->handle(Object(Illuminate\Http\Request), Object(Closure))
#59 /Users/lslucas/Sites/melhorbocado/vendor/laravel/framework/src/Illuminate/Pipeline/Pipeline.php(136): call_user_func_array(Array, Array)
#60 [internal function]: Illuminate\Pipeline\Pipeline->Illuminate\Pipeline\{closure}(Object(Illuminate\Http\Request))
#61 /Users/lslucas/Sites/melhorbocado/vendor/laravel/framework/src/Illuminate/Routing/Pipeline.php(32): call_user_func(Object(Closure), Object(Illuminate\Http\Request))
#62 /Users/lslucas/Sites/melhorbocado/vendor/laravel/framework/src/Illuminate/Foundation/Http/Middleware/CheckForMaintenanceMode.php(44): Illuminate\Routing\Pipeline->Illuminate\Routing\{closure}(Object(Illuminate\Http\Request))
#63 [internal function]: Illuminate\Foundation\Http\Middleware\CheckForMaintenanceMode->handle(Object(Illuminate\Http\Request), Object(Closure))
#64 /Users/lslucas/Sites/melhorbocado/vendor/laravel/framework/src/Illuminate/Pipeline/Pipeline.php(136): call_user_func_array(Array, Array)
#65 [internal function]: Illuminate\Pipeline\Pipeline->Illuminate\Pipeline\{closure}(Object(Illuminate\Http\Request))
#66 /Users/lslucas/Sites/melhorbocado/vendor/laravel/framework/src/Illuminate/Routing/Pipeline.php(32): call_user_func(Object(Closure), Object(Illuminate\Http\Request))
#67 [internal function]: Illuminate\Routing\Pipeline->Illuminate\Routing\{closure}(Object(Illuminate\Http\Request))
#68 /Users/lslucas/Sites/melhorbocado/vendor/laravel/framework/src/Illuminate/Pipeline/Pipeline.php(102): call_user_func(Object(Closure), Object(Illuminate\Http\Request))
#69 /Users/lslucas/Sites/melhorbocado/vendor/laravel/framework/src/Illuminate/Foundation/Http/Kernel.php(132): Illuminate\Pipeline\Pipeline->then(Object(Closure))
#70 /Users/lslucas/Sites/melhorbocado/vendor/laravel/framework/src/Illuminate/Foundation/Http/Kernel.php(99): Illuminate\Foundation\Http\Kernel->sendRequestThroughRouter(Object(Illuminate\Http\Request))
#71 /Users/lslucas/Sites/melhorbocado/public/index.php(52): Illuminate\Foundation\Http\Kernel->handle(Object(Illuminate\Http\Request))
#72 /Users/lslucas/.composer/vendor/laravel/valet/server.php(106): require('/Users/lslucas/...')
#73 {main}

Next Illuminate\Database\QueryException: SQLSTATE[42S22]: Column not found: 1054 Unknown column 'username' in 'where clause' (SQL: select * from `users` where `username` = lslucas@gmail.com limit 1) in /Users/lslucas/Sites/melhorbocado/vendor/laravel/framework/src/Illuminate/Database/Connection.php:673
Stack trace:
#0 /Users/lslucas/Sites/melhorbocado/vendor/laravel/framework/src/Illuminate/Database/Connection.php(629): Illuminate\Database\Connection->runQueryCallback('select * from `...', Array, Object(Closure))
#1 /Users/lslucas/Sites/melhorbocado/vendor/laravel/framework/src/Illuminate/Database/Connection.php(342): Illuminate\Database\Connection->run('select * from `...', Array, Object(Closure))
#2 /Users/lslucas/Sites/melhorbocado/vendor/laravel/framework/src/Illuminate/Database/Query/Builder.php(1515): Illuminate\Database\Connection->select('select * from `...', Array, true)
#3 /Users/lslucas/Sites/melhorbocado/vendor/laravel/framework/src/Illuminate/Database/Query/Builder.php(1501): Illuminate\Database\Query\Builder->runSelect()
#4 /Users/lslucas/Sites/melhorbocado/vendor/laravel/framework/src/Illuminate/Database/Eloquent/Builder.php(596): Illuminate\Database\Query\Builder->get(Array)
#5 /Users/lslucas/Sites/melhorbocado/vendor/laravel/framework/src/Illuminate/Database/Eloquent/Builder.php(303): Illuminate\Database\Eloquent\Builder->getModels(Array)
#6 /Users/lslucas/Sites/melhorbocado/vendor/laravel/framework/src/Illuminate/Database/Eloquent/Builder.php(273): Illuminate\Database\Eloquent\Builder->get(Array)
#7 /Users/lslucas/Sites/melhorbocado/vendor/laravel/framework/src/Illuminate/Auth/EloquentUserProvider.php(104): Illuminate\Database\Eloquent\Builder->first()
#8 /Users/lslucas/Sites/melhorbocado/vendor/laravel/framework/src/Illuminate/Auth/SessionGuard.php(353): Illuminate\Auth\EloquentUserProvider->retrieveByCredentials(Array)
#9 /Users/lslucas/Sites/melhorbocado/vendor/laravel/framework/src/Illuminate/Auth/SessionGuard.php(256): Illuminate\Auth\SessionGuard->attempt(Array, false, false)
#10 /Users/lslucas/Sites/melhorbocado/vendor/laravel/framework/src/Illuminate/Auth/SessionGuard.php(239): Illuminate\Auth\SessionGuard->validate(Array)
#11 [internal function]: Illuminate\Auth\SessionGuard->once(Array)
#12 /Users/lslucas/Sites/melhorbocado/vendor/laravel/framework/src/Illuminate/Auth/AuthManager.php(288): call_user_func_array(Array, Array)
#13 /Users/lslucas/Sites/melhorbocado/vendor/laravel/framework/src/Illuminate/Support/Facades/Facade.php(218): Illuminate\Auth\AuthManager->__call('once', Array)
#14 /Users/lslucas/Sites/melhorbocado/app/Http/routes.php(56): Illuminate\Support\Facades\Facade::__callStatic('once', Array)
#15 [internal function]: App\Providers\RouteServiceProvider->{closure}('lslucas@gmail.c...', 'mvdbt9')
#16 /Users/lslucas/Sites/melhorbocado/vendor/laravel/framework/src/Illuminate/Routing/Route.php(158): call_user_func_array(Object(Closure), Array)
#17 /Users/lslucas/Sites/melhorbocado/vendor/laravel/framework/src/Illuminate/Routing/Route.php(137): Illuminate\Routing\Route->runCallable(Object(Illuminate\Http\Request))
#18 /Users/lslucas/Sites/melhorbocado/vendor/laravel/framework/src/Illuminate/Routing/Router.php(724): Illuminate\Routing\Route->run(Object(Illuminate\Http\Request))
#19 [internal function]: Illuminate\Routing\Router->Illuminate\Routing\{closure}(Object(Illuminate\Http\Request))
#20 /Users/lslucas/Sites/melhorbocado/vendor/laravel/framework/src/Illuminate/Routing/Pipeline.php(52): call_user_func(Object(Closure), Object(Illuminate\Http\Request))
#21 [internal function]: Illuminate\Routing\Pipeline->Illuminate\Routing\{closure}(Object(Illuminate\Http\Request))
#22 /Users/lslucas/Sites/melhorbocado/vendor/laravel/framework/src/Illuminate/Pipeline/Pipeline.php(102): call_user_func(Object(Closure), Object(Illuminate\Http\Request))
#23 /Users/lslucas/Sites/melhorbocado/vendor/laravel/framework/src/Illuminate/Routing/Router.php(726): Illuminate\Pipeline\Pipeline->then(Object(Closure))
#24 /Users/lslucas/Sites/melhorbocado/vendor/laravel/framework/src/Illuminate/Routing/Router.php(699): Illuminate\Routing\Router->runRouteWithinStack(Object(Illuminate\Routing\Route), Object(Illuminate\Http\Request))
#25 /Users/lslucas/Sites/melhorbocado/vendor/laravel/framework/src/Illuminate/Routing/Router.php(675): Illuminate\Routing\Router->dispatchToRoute(Object(Illuminate\Http\Request))
#26 /Users/lslucas/Sites/melhorbocado/vendor/laravel/framework/src/Illuminate/Foundation/Http/Kernel.php(246): Illuminate\Routing\Router->dispatch(Object(Illuminate\Http\Request))
#27 [internal function]: Illuminate\Foundation\Http\Kernel->Illuminate\Foundation\Http\{closure}(Object(Illuminate\Http\Request))
#28 /Users/lslucas/Sites/melhorbocado/vendor/laravel/framework/src/Illuminate/Routing/Pipeline.php(52): call_user_func(Object(Closure), Object(Illuminate\Http\Request))
#29 /Users/lslucas/Sites/melhorbocado/app/Http/Middleware/LogDBQueries.php(26): Illuminate\Routing\Pipeline->Illuminate\Routing\{closure}(Object(Illuminate\Http\Request))
#30 [internal function]: App\Http\Middleware\LogDBQueries->handle(Object(Illuminate\Http\Request), Object(Closure))
#31 /Users/lslucas/Sites/melhorbocado/vendor/laravel/framework/src/Illuminate/Pipeline/Pipeline.php(136): call_user_func_array(Array, Array)
#32 [internal function]: Illuminate\Pipeline\Pipeline->Illuminate\Pipeline\{closure}(Object(Illuminate\Http\Request))
#33 /Users/lslucas/Sites/melhorbocado/vendor/laravel/framework/src/Illuminate/Routing/Pipeline.php(32): call_user_func(Object(Closure), Object(Illuminate\Http\Request))
#34 /Users/lslucas/Sites/melhorbocado/vendor/laravel/framework/src/Illuminate/Foundation/Http/Middleware/VerifyCsrfToken.php(64): Illuminate\Routing\Pipeline->Illuminate\Routing\{closure}(Object(Illuminate\Http\Request))
#35 /Users/lslucas/Sites/melhorbocado/app/Http/Middleware/VerifyCsrfToken.php(20): Illuminate\Foundation\Http\Middleware\VerifyCsrfToken->handle(Object(Illuminate\Http\Request), Object(Closure))
#36 [internal function]: App\Http\Middleware\VerifyCsrfToken->handle(Object(Illuminate\Http\Request), Object(Closure))
#37 /Users/lslucas/Sites/melhorbocado/vendor/laravel/framework/src/Illuminate/Pipeline/Pipeline.php(136): call_user_func_array(Array, Array)
#38 [internal function]: Illuminate\Pipeline\Pipeline->Illuminate\Pipeline\{closure}(Object(Illuminate\Http\Request))
#39 /Users/lslucas/Sites/melhorbocado/vendor/laravel/framework/src/Illuminate/Routing/Pipeline.php(32): call_user_func(Object(Closure), Object(Illuminate\Http\Request))
#40 /Users/lslucas/Sites/melhorbocado/vendor/laravel/framework/src/Illuminate/View/Middleware/ShareErrorsFromSession.php(49): Illuminate\Routing\Pipeline->Illuminate\Routing\{closure}(Object(Illuminate\Http\Request))
#41 [internal function]: Illuminate\View\Middleware\ShareErrorsFromSession->handle(Object(Illuminate\Http\Request), Object(Closure))
#42 /Users/lslucas/Sites/melhorbocado/vendor/laravel/framework/src/Illuminate/Pipeline/Pipeline.php(136): call_user_func_array(Array, Array)
#43 [internal function]: Illuminate\Pipeline\Pipeline->Illuminate\Pipeline\{closure}(Object(Illuminate\Http\Request))
#44 /Users/lslucas/Sites/melhorbocado/vendor/laravel/framework/src/Illuminate/Routing/Pipeline.php(32): call_user_func(Object(Closure), Object(Illuminate\Http\Request))
#45 /Users/lslucas/Sites/melhorbocado/vendor/laravel/framework/src/Illuminate/Session/Middleware/StartSession.php(62): Illuminate\Routing\Pipeline->Illuminate\Routing\{closure}(Object(Illuminate\Http\Request))
#46 [internal function]: Illuminate\Session\Middleware\StartSession->handle(Object(Illuminate\Http\Request), Object(Closure))
#47 /Users/lslucas/Sites/melhorbocado/vendor/laravel/framework/src/Illuminate/Pipeline/Pipeline.php(136): call_user_func_array(Array, Array)
#48 [internal function]: Illuminate\Pipeline\Pipeline->Illuminate\Pipeline\{closure}(Object(Illuminate\Http\Request))
#49 /Users/lslucas/Sites/melhorbocado/vendor/laravel/framework/src/Illuminate/Routing/Pipeline.php(32): call_user_func(Object(Closure), Object(Illuminate\Http\Request))
#50 /Users/lslucas/Sites/melhorbocado/vendor/laravel/framework/src/Illuminate/Cookie/Middleware/AddQueuedCookiesToResponse.php(37): Illuminate\Routing\Pipeline->Illuminate\Routing\{closure}(Object(Illuminate\Http\Request))
#51 [internal function]: Illuminate\Cookie\Middleware\AddQueuedCookiesToResponse->handle(Object(Illuminate\Http\Request), Object(Closure))
#52 /Users/lslucas/Sites/melhorbocado/vendor/laravel/framework/src/Illuminate/Pipeline/Pipeline.php(136): call_user_func_array(Array, Array)
#53 [internal function]: Illuminate\Pipeline\Pipeline->Illuminate\Pipeline\{closure}(Object(Illuminate\Http\Request))
#54 /Users/lslucas/Sites/melhorbocado/vendor/laravel/framework/src/Illuminate/Routing/Pipeline.php(32): call_user_func(Object(Closure), Object(Illuminate\Http\Request))
#55 /Users/lslucas/Sites/melhorbocado/vendor/laravel/framework/src/Illuminate/Cookie/Middleware/EncryptCookies.php(59): Illuminate\Routing\Pipeline->Illuminate\Routing\{closure}(Object(Illuminate\Http\Request))
#56 [internal function]: Illuminate\Cookie\Middleware\EncryptCookies->handle(Object(Illuminate\Http\Request), Object(Closure))
#57 /Users/lslucas/Sites/melhorbocado/vendor/laravel/framework/src/Illuminate/Pipeline/Pipeline.php(136): call_user_func_array(Array, Array)
#58 [internal function]: Illuminate\Pipeline\Pipeline->Illuminate\Pipeline\{closure}(Object(Illuminate\Http\Request))
#59 /Users/lslucas/Sites/melhorbocado/vendor/laravel/framework/src/Illuminate/Routing/Pipeline.php(32): call_user_func(Object(Closure), Object(Illuminate\Http\Request))
#60 /Users/lslucas/Sites/melhorbocado/vendor/laravel/framework/src/Illuminate/Foundation/Http/Middleware/CheckForMaintenanceMode.php(44): Illuminate\Routing\Pipeline->Illuminate\Routing\{closure}(Object(Illuminate\Http\Request))
#61 [internal function]: Illuminate\Foundation\Http\Middleware\CheckForMaintenanceMode->handle(Object(Illuminate\Http\Request), Object(Closure))
#62 /Users/lslucas/Sites/melhorbocado/vendor/laravel/framework/src/Illuminate/Pipeline/Pipeline.php(136): call_user_func_array(Array, Array)
#63 [internal function]: Illuminate\Pipeline\Pipeline->Illuminate\Pipeline\{closure}(Object(Illuminate\Http\Request))
#64 /Users/lslucas/Sites/melhorbocado/vendor/laravel/framework/src/Illuminate/Routing/Pipeline.php(32): call_user_func(Object(Closure), Object(Illuminate\Http\Request))
#65 [internal function]: Illuminate\Routing\Pipeline->Illuminate\Routing\{closure}(Object(Illuminate\Http\Request))
#66 /Users/lslucas/Sites/melhorbocado/vendor/laravel/framework/src/Illuminate/Pipeline/Pipeline.php(102): call_user_func(Object(Closure), Object(Illuminate\Http\Request))
#67 /Users/lslucas/Sites/melhorbocado/vendor/laravel/framework/src/Illuminate/Foundation/Http/Kernel.php(132): Illuminate\Pipeline\Pipeline->then(Object(Closure))
#68 /Users/lslucas/Sites/melhorbocado/vendor/laravel/framework/src/Illuminate/Foundation/Http/Kernel.php(99): Illuminate\Foundation\Http\Kernel->sendRequestThroughRouter(Object(Illuminate\Http\Request))
#69 /Users/lslucas/Sites/melhorbocado/public/index.php(52): Illuminate\Foundation\Http\Kernel->handle(Object(Illuminate\Http\Request))
#70 /Users/lslucas/.composer/vendor/laravel/valet/server.php(106): require('/Users/lslucas/...')
#71 {main}  
[2016-05-27 15:03:34] local.DEBUG: select * from `users` where `email` = ? limit 1 {"bindings":["lslucas@gmail.com"],"time":0.85} 
